2017-02-27 21:47:36,415 INFO FiboSvc.FSvc - Appel XmlToJsonJSON - param xmlInput = <foo>bar</foo>
2017-02-27 21:47:36,550 INFO FiboSvc.FSvc - Retour XmlToJsonJSON - resultat = "{\"foo\":\"bar\"}"
2017-02-27 21:47:53,383 INFO FiboSvc.FSvc - Appel XmlToJson - param xmlInput = <foo>bar</foo>
2017-02-27 21:47:53,385 INFO FiboSvc.FSvc - Retour XmlToJson - resultat = {"foo":"bar"}
2017-02-27 21:48:41,249 INFO FiboSvc.FSvc - Appel XmlToJsonJSON - param xmlInput = <foo>bar</foo>
2017-02-27 21:48:41,367 INFO FiboSvc.FSvc - Retour XmlToJsonJSON - resultat = {"foo":"bar"}
2017-02-27 21:48:41,578 INFO FiboSvc.FSvc - Appel XmlToJsonJSON - param xmlInput = <foo>hello</bar>
2017-02-27 21:48:41,583 INFO FiboSvc.FSvc - Retour XmlToJsonJSON - resultat = Bad Xml format
2017-02-27 21:48:41,586 INFO FiboSvc.FSvc - Appel XmlToJsonJSON - param xmlInput = <TRANS><HPAY><ID>103</ID><STATUS>3</STATUS><EXTRA><IS3DS>0</IS3DS><AUTH>031183</AUTH></EXTRA><INT_MSG/><MLABEL>501767XXXXXX6700</MLABEL><MTOKEN> project01</MTOKEN ></HPAY ></TRANS >
2017-02-27 21:48:41,591 INFO FiboSvc.FSvc - Retour XmlToJsonJSON - resultat = {"TRANS":{"HPAY":{"ID":"103","STATUS":"3","EXTRA":{"IS3DS":"0","AUTH":"031183"},"MLABEL":"501767XXXXXX6700","MTOKEN":" project01"}}}
2017-02-27 21:49:15,586 INFO FiboSvc.FSvc - Appel Fibonnacci - param n = 10
2017-02-27 21:49:15,598 INFO FiboSvc.FSvc - Retour Fibonnacci - resultat = 55
2017-02-27 21:49:15,715 INFO FiboSvc.FSvc - Appel Fibonnacci - param n = 0
2017-02-27 21:49:15,720 INFO FiboSvc.FSvc - Appel Fibonnacci - param n = 1
2017-02-27 21:49:15,723 INFO FiboSvc.FSvc - Retour Fibonnacci - resultat = 1
2017-02-27 21:49:15,730 INFO FiboSvc.FSvc - Appel FibonacciJSON - param n = 10
2017-02-27 21:49:15,823 INFO FiboSvc.FSvc - Retour FibonacciJSON - resultat = 55
2017-02-27 21:49:15,829 INFO FiboSvc.FSvc - Appel FibonacciJSON - param n = 0
2017-02-27 21:49:15,838 INFO FiboSvc.FSvc - Appel FibonacciJSON - param n = 1
2017-02-27 21:49:15,841 INFO FiboSvc.FSvc - Retour FibonacciJSON - resultat = 1
2017-02-27 21:49:15,972 INFO FiboSvc.FSvc - Appel XmlToJson - param xmlInput = <foo>bar</foo>
2017-02-27 21:49:16,015 INFO FiboSvc.FSvc - Retour XmlToJson - resultat = {"foo":"bar"}
2017-02-27 21:49:16,021 INFO FiboSvc.FSvc - Appel XmlToJson - param xmlInput = <foo>hello</bar>
2017-02-27 21:49:16,026 INFO FiboSvc.FSvc - Retour XmlToJson - resultat = Bad Xml format
2017-02-27 21:49:16,031 INFO FiboSvc.FSvc - Appel XmlToJson - param xmlInput = <TRANS><HPAY><ID>103</ID><STATUS>3</STATUS><EXTRA><IS3DS>0</IS3DS><AUTH>031183</AUTH></EXTRA><INT_MSG/><MLABEL>501767XXXXXX6700</MLABEL><MTOKEN> project01</MTOKEN ></HPAY ></TRANS >
2017-02-27 21:49:16,035 INFO FiboSvc.FSvc - Retour XmlToJson - resultat = {"TRANS":{"HPAY":{"ID":"103","STATUS":"3","EXTRA":{"IS3DS":"0","AUTH":"031183"},"MLABEL":"501767XXXXXX6700","MTOKEN":" project01"}}}
2017-02-27 21:49:16,041 INFO FiboSvc.FSvc - Appel XmlToJsonJSON - param xmlInput = <foo>bar</foo>
2017-02-27 21:49:16,044 INFO FiboSvc.FSvc - Retour XmlToJsonJSON - resultat = {"foo":"bar"}
2017-02-27 21:49:16,050 INFO FiboSvc.FSvc - Appel XmlToJsonJSON - param xmlInput = <foo>hello</bar>
2017-02-27 21:49:16,053 INFO FiboSvc.FSvc - Retour XmlToJsonJSON - resultat = Bad Xml format
2017-02-27 21:49:16,057 INFO FiboSvc.FSvc - Appel XmlToJsonJSON - param xmlInput = <TRANS><HPAY><ID>103</ID><STATUS>3</STATUS><EXTRA><IS3DS>0</IS3DS><AUTH>031183</AUTH></EXTRA><INT_MSG/><MLABEL>501767XXXXXX6700</MLABEL><MTOKEN> project01</MTOKEN ></HPAY ></TRANS >
2017-02-27 21:49:16,060 INFO FiboSvc.FSvc - Retour XmlToJsonJSON - resultat = {"TRANS":{"HPAY":{"ID":"103","STATUS":"3","EXTRA":{"IS3DS":"0","AUTH":"031183"},"MLABEL":"501767XXXXXX6700","MTOKEN":" project01"}}}
2017-02-27 21:49:28,948 INFO FiboSvc.FSvc - Appel Fibonnacci - param n = 10
2017-02-27 21:49:28,951 INFO FiboSvc.FSvc - Retour Fibonnacci - resultat = 55
2017-02-27 21:49:28,961 INFO FiboSvc.FSvc - Appel Fibonnacci - param n = 0
2017-02-27 21:49:28,966 INFO FiboSvc.FSvc - Appel Fibonnacci - param n = 1
2017-02-27 21:49:28,969 INFO FiboSvc.FSvc - Retour Fibonnacci - resultat = 1
2017-02-27 21:49:28,974 INFO FiboSvc.FSvc - Appel FibonacciJSON - param n = 10
2017-02-27 21:49:28,977 INFO FiboSvc.FSvc - Retour FibonacciJSON - resultat = 55
2017-02-27 21:49:28,982 INFO FiboSvc.FSvc - Appel FibonacciJSON - param n = 0
2017-02-27 21:49:28,987 INFO FiboSvc.FSvc - Appel FibonacciJSON - param n = 1
2017-02-27 21:49:28,990 INFO FiboSvc.FSvc - Retour FibonacciJSON - resultat = 1
2017-02-27 21:49:29,118 INFO FiboSvc.FSvc - Appel XmlToJson - param xmlInput = <foo>bar</foo>
2017-02-27 21:49:29,132 INFO FiboSvc.FSvc - Retour XmlToJson - resultat = {"foo":"bar"}
2017-02-27 21:49:29,138 INFO FiboSvc.FSvc - Appel XmlToJson - param xmlInput = <foo>hello</bar>
2017-02-27 21:49:29,141 INFO FiboSvc.FSvc - Retour XmlToJson - resultat = Bad Xml format
2017-02-27 21:49:29,158 INFO FiboSvc.FSvc - Appel XmlToJson - param xmlInput = <TRANS><HPAY><ID>103</ID><STATUS>3</STATUS><EXTRA><IS3DS>0</IS3DS><AUTH>031183</AUTH></EXTRA><INT_MSG/><MLABEL>501767XXXXXX6700</MLABEL><MTOKEN> project01</MTOKEN ></HPAY ></TRANS >
2017-02-27 21:49:29,161 INFO FiboSvc.FSvc - Retour XmlToJson - resultat = {"TRANS":{"HPAY":{"ID":"103","STATUS":"3","EXTRA":{"IS3DS":"0","AUTH":"031183"},"MLABEL":"501767XXXXXX6700","MTOKEN":" project01"}}}
2017-02-27 21:49:29,166 INFO FiboSvc.FSvc - Appel XmlToJsonJSON - param xmlInput = <foo>bar</foo>
2017-02-27 21:49:29,169 INFO FiboSvc.FSvc - Retour XmlToJsonJSON - resultat = {"foo":"bar"}
2017-02-27 21:49:29,175 INFO FiboSvc.FSvc - Appel XmlToJsonJSON - param xmlInput = <foo>hello</bar>
2017-02-27 21:49:29,178 INFO FiboSvc.FSvc - Retour XmlToJsonJSON - resultat = Bad Xml format
2017-02-27 21:49:29,183 INFO FiboSvc.FSvc - Appel XmlToJsonJSON - param xmlInput = <TRANS><HPAY><ID>103</ID><STATUS>3</STATUS><EXTRA><IS3DS>0</IS3DS><AUTH>031183</AUTH></EXTRA><INT_MSG/><MLABEL>501767XXXXXX6700</MLABEL><MTOKEN> project01</MTOKEN ></HPAY ></TRANS >
2017-02-27 21:49:29,186 INFO FiboSvc.FSvc - Retour XmlToJsonJSON - resultat = {"TRANS":{"HPAY":{"ID":"103","STATUS":"3","EXTRA":{"IS3DS":"0","AUTH":"031183"},"MLABEL":"501767XXXXXX6700","MTOKEN":" project01"}}}
